<?xml version="1.0" encoding="UTF-8"?>
<!-- Generated by org.testng.reporters.JUnitReportReporter -->
<testsuite skipped="0" hostname="DESKTOP-OH029D6" name="Test.Calculation" tests="1" failures="0" timestamp="18 Aug 2019 08:54:16 GMT" time="4.991" errors="0">
  <testcase name="testOne" time="4.991" classname="Test.Calculation"/>
</testsuite> <!-- Test.Calculation -->
